[1.239s] Invoking command in '/home/shenlong/Documents/GitHub/ViperX250_Simulation_Research/src/interbotix_vx250_sim': PYTHONPATH=/home/shenlong/Documents/GitHub/ViperX250_Simulation_Research/build/interbotix_vx250_sim/prefix_override:/home/shenlong/Documents/GitHub/ViperX250_Simulation_Research/install/interbotix_vx250_sim/lib/python3.10/site-packages:${PYTHONPATH} /usr/bin/python3 setup.py egg_info --egg-base ../../build/interbotix_vx250_sim build --build-base /home/shenlong/Documents/GitHub/ViperX250_Simulation_Research/build/interbotix_vx250_sim/build install --record /home/shenlong/Documents/GitHub/ViperX250_Simulation_Research/build/interbotix_vx250_sim/install.log --single-version-externally-managed
[1.584s] running egg_info
[1.585s] writing ../../build/interbotix_vx250_sim/interbotix_vx250_sim.egg-info/PKG-INFO
[1.585s] writing dependency_links to ../../build/interbotix_vx250_sim/interbotix_vx250_sim.egg-info/dependency_links.txt
[1.585s] writing entry points to ../../build/interbotix_vx250_sim/interbotix_vx250_sim.egg-info/entry_points.txt
[1.585s] writing requirements to ../../build/interbotix_vx250_sim/interbotix_vx250_sim.egg-info/requires.txt
[1.585s] writing top-level names to ../../build/interbotix_vx250_sim/interbotix_vx250_sim.egg-info/top_level.txt
[1.587s] reading manifest file '../../build/interbotix_vx250_sim/interbotix_vx250_sim.egg-info/SOURCES.txt'
[1.588s] writing manifest file '../../build/interbotix_vx250_sim/interbotix_vx250_sim.egg-info/SOURCES.txt'
[1.588s] running build
[1.588s] running build_py
[1.589s] running install
[1.589s] running install_lib
[1.590s] running install_data
[1.591s] running install_egg_info
[1.593s] removing '/home/shenlong/Documents/GitHub/ViperX250_Simulation_Research/install/interbotix_vx250_sim/lib/python3.10/site-packages/interbotix_vx250_sim-0.0.0-py3.10.egg-info' (and everything under it)
[1.593s] Copying ../../build/interbotix_vx250_sim/interbotix_vx250_sim.egg-info to /home/shenlong/Documents/GitHub/ViperX250_Simulation_Research/install/interbotix_vx250_sim/lib/python3.10/site-packages/interbotix_vx250_sim-0.0.0-py3.10.egg-info
[1.594s] running install_scripts
[1.618s] Installing vx250_custom_controller script to /home/shenlong/Documents/GitHub/ViperX250_Simulation_Research/install/interbotix_vx250_sim/lib/interbotix_vx250_sim
[1.618s] writing list of installed files to '/home/shenlong/Documents/GitHub/ViperX250_Simulation_Research/build/interbotix_vx250_sim/install.log'
[1.652s] Invoked command in '/home/shenlong/Documents/GitHub/ViperX250_Simulation_Research/src/interbotix_vx250_sim' returned '0': PYTHONPATH=/home/shenlong/Documents/GitHub/ViperX250_Simulation_Research/build/interbotix_vx250_sim/prefix_override:/home/shenlong/Documents/GitHub/ViperX250_Simulation_Research/install/interbotix_vx250_sim/lib/python3.10/site-packages:${PYTHONPATH} /usr/bin/python3 setup.py egg_info --egg-base ../../build/interbotix_vx250_sim build --build-base /home/shenlong/Documents/GitHub/ViperX250_Simulation_Research/build/interbotix_vx250_sim/build install --record /home/shenlong/Documents/GitHub/ViperX250_Simulation_Research/build/interbotix_vx250_sim/install.log --single-version-externally-managed
