[2.049s] DEBUG:colcon:Command line arguments: ['/usr/bin/colcon', 'list', '-p', '--base-paths', '/home/shenlong/Documents/GitHub/ViperX250_Simulation_Research']
[2.049s] DEBUG:colcon:Parsed command line arguments: Namespace(log_base=None, log_level=None, verb_name='list', build_base='build', ignore_user_meta=False, metas=['./colcon.meta'], base_paths=['/home/shenlong/Documents/GitHub/ViperX250_Simulation_Research'], packages_ignore=None, packages_ignore_regex=None, paths=None, packages_up_to=None, packages_up_to_regex=None, packages_above=None, packages_above_and_dependencies=None, packages_above_depth=None, packages_select_by_dep=None, packages_skip_by_dep=None, packages_skip_up_to=None, packages_select_build_failed=False, packages_skip_build_finished=False, packages_select_test_failures=False, packages_skip_test_passed=False, packages_select=None, packages_skip=None, packages_select_regex=None, packages_skip_regex=None, packages_start=None, packages_end=None, allow_overriding=[], topological_order=False, names_only=False, paths_only=True, topological_graph=False, topological_graph_dot=False, topological_graph_density=False, topological_graph_legend=False, topological_graph_dot_cluster=False, topological_graph_dot_include_skipped=False, verb_parser=<colcon_defaults.argument_parser.defaults.DefaultArgumentsDecorator object at 0x7fd0ddee9210>, verb_extension=<colcon_package_information.verb.list.ListVerb object at 0x7fd0de1f9270>, main=<bound method ListVerb.main of <colcon_package_information.verb.list.ListVerb object at 0x7fd0de1f9270>>)
[2.121s] Level 1:colcon.colcon_core.package_discovery:discover_packages(colcon_meta) check parameters
[2.121s] Level 1:colcon.colcon_core.package_discovery:discover_packages(recursive) check parameters
[2.121s] Level 1:colcon.colcon_core.package_discovery:discover_packages(ignore) check parameters
[2.121s] Level 1:colcon.colcon_core.package_discovery:discover_packages(path) check parameters
[2.121s] Level 1:colcon.colcon_core.package_discovery:discover_packages(recursive) discover
[2.122s] INFO:colcon.colcon_core.package_discovery:Crawling recursively for packages in '/home/shenlong/Documents/GitHub/ViperX250_Simulation_Research'
[2.122s] Level 1:colcon.colcon_core.package_identification:_identify(/home/shenlong/Documents/GitHub/ViperX250_Simulation_Research) by extensions ['ignore', 'ignore_ament_install']
[2.122s] Level 1:colcon.colcon_core.package_identification:_identify(/home/shenlong/Documents/GitHub/ViperX250_Simulation_Research) by extension 'ignore'
[2.122s] Level 1:colcon.colcon_core.package_identification:_identify(/home/shenlong/Documents/GitHub/ViperX250_Simulation_Research) by extension 'ignore_ament_install'
[2.122s] Level 1:colcon.colcon_core.package_identification:_identify(/home/shenlong/Documents/GitHub/ViperX250_Simulation_Research) by extensions ['colcon_pkg']
[2.122s] Level 1:colcon.colcon_core.package_identification:_identify(/home/shenlong/Documents/GitHub/ViperX250_Simulation_Research) by extension 'colcon_pkg'
[2.122s] Level 1:colcon.colcon_core.package_identification:_identify(/home/shenlong/Documents/GitHub/ViperX250_Simulation_Research) by extensions ['colcon_meta']
[2.122s] Level 1:colcon.colcon_core.package_identification:_identify(/home/shenlong/Documents/GitHub/ViperX250_Simulation_Research) by extension 'colcon_meta'
[2.122s] Level 1:colcon.colcon_core.package_identification:_identify(/home/shenlong/Documents/GitHub/ViperX250_Simulation_Research) by extensions ['ros']
[2.122s] Level 1:colcon.colcon_core.package_identification:_identify(/home/shenlong/Documents/GitHub/ViperX250_Simulation_Research) by extension 'ros'
[2.136s] Level 1:colcon.colcon_core.package_identification:_identify(/home/shenlong/Documents/GitHub/ViperX250_Simulation_Research) by extensions ['cmake', 'python']
[2.136s] Level 1:colcon.colcon_core.package_identification:_identify(/home/shenlong/Documents/GitHub/ViperX250_Simulation_Research) by extension 'cmake'
[2.136s] Level 1:colcon.colcon_core.package_identification:_identify(/home/shenlong/Documents/GitHub/ViperX250_Simulation_Research) by extension 'python'
[2.136s] Level 1:colcon.colcon_core.package_identification:_identify(/home/shenlong/Documents/GitHub/ViperX250_Simulation_Research) by extensions ['python_setup_py']
[2.136s] Level 1:colcon.colcon_core.package_identification:_identify(/home/shenlong/Documents/GitHub/ViperX250_Simulation_Research) by extension 'python_setup_py'
[2.136s] Level 1:colcon.colcon_core.package_identification:_identify(/home/shenlong/Documents/GitHub/ViperX250_Simulation_Research/build) by extensions ['ignore', 'ignore_ament_install']
[2.136s] Level 1:colcon.colcon_core.package_identification:_identify(/home/shenlong/Documents/GitHub/ViperX250_Simulation_Research/build) by extension 'ignore'
[2.136s] Level 1:colcon.colcon_core.package_identification:_identify(/home/shenlong/Documents/GitHub/ViperX250_Simulation_Research/build) ignored
[2.137s] Level 1:colcon.colcon_core.package_identification:_identify(/home/shenlong/Documents/GitHub/ViperX250_Simulation_Research/install) by extensions ['ignore', 'ignore_ament_install']
[2.137s] Level 1:colcon.colcon_core.package_identification:_identify(/home/shenlong/Documents/GitHub/ViperX250_Simulation_Research/install) by extension 'ignore'
[2.137s] Level 1:colcon.colcon_core.package_identification:_identify(/home/shenlong/Documents/GitHub/ViperX250_Simulation_Research/install) ignored
[2.137s] Level 1:colcon.colcon_core.package_identification:_identify(/home/shenlong/Documents/GitHub/ViperX250_Simulation_Research/log) by extensions ['ignore', 'ignore_ament_install']
[2.137s] Level 1:colcon.colcon_core.package_identification:_identify(/home/shenlong/Documents/GitHub/ViperX250_Simulation_Research/log) by extension 'ignore'
[2.137s] Level 1:colcon.colcon_core.package_identification:_identify(/home/shenlong/Documents/GitHub/ViperX250_Simulation_Research/log) ignored
[2.137s] Level 1:colcon.colcon_core.package_identification:_identify(/home/shenlong/Documents/GitHub/ViperX250_Simulation_Research/src) by extensions ['ignore', 'ignore_ament_install']
[2.137s] Level 1:colcon.colcon_core.package_identification:_identify(/home/shenlong/Documents/GitHub/ViperX250_Simulation_Research/src) by extension 'ignore'
[2.137s] Level 1:colcon.colcon_core.package_identification:_identify(/home/shenlong/Documents/GitHub/ViperX250_Simulation_Research/src) by extension 'ignore_ament_install'
[2.138s] Level 1:colcon.colcon_core.package_identification:_identify(/home/shenlong/Documents/GitHub/ViperX250_Simulation_Research/src) by extensions ['colcon_pkg']
[2.138s] Level 1:colcon.colcon_core.package_identification:_identify(/home/shenlong/Documents/GitHub/ViperX250_Simulation_Research/src) by extension 'colcon_pkg'
[2.138s] Level 1:colcon.colcon_core.package_identification:_identify(/home/shenlong/Documents/GitHub/ViperX250_Simulation_Research/src) by extensions ['colcon_meta']
[2.138s] Level 1:colcon.colcon_core.package_identification:_identify(/home/shenlong/Documents/GitHub/ViperX250_Simulation_Research/src) by extension 'colcon_meta'
[2.138s] Level 1:colcon.colcon_core.package_identification:_identify(/home/shenlong/Documents/GitHub/ViperX250_Simulation_Research/src) by extensions ['ros']
[2.138s] Level 1:colcon.colcon_core.package_identification:_identify(/home/shenlong/Documents/GitHub/ViperX250_Simulation_Research/src) by extension 'ros'
[2.138s] Level 1:colcon.colcon_core.package_identification:_identify(/home/shenlong/Documents/GitHub/ViperX250_Simulation_Research/src) by extensions ['cmake', 'python']
[2.138s] Level 1:colcon.colcon_core.package_identification:_identify(/home/shenlong/Documents/GitHub/ViperX250_Simulation_Research/src) by extension 'cmake'
[2.138s] Level 1:colcon.colcon_core.package_identification:_identify(/home/shenlong/Documents/GitHub/ViperX250_Simulation_Research/src) by extension 'python'
[2.138s] Level 1:colcon.colcon_core.package_identification:_identify(/home/shenlong/Documents/GitHub/ViperX250_Simulation_Research/src) by extensions ['python_setup_py']
[2.138s] Level 1:colcon.colcon_core.package_identification:_identify(/home/shenlong/Documents/GitHub/ViperX250_Simulation_Research/src) by extension 'python_setup_py'
[2.138s] Level 1:colcon.colcon_core.package_identification:_identify(/home/shenlong/Documents/GitHub/ViperX250_Simulation_Research/src/interbotix_vx250_sim) by extensions ['ignore', 'ignore_ament_install']
[2.138s] Level 1:colcon.colcon_core.package_identification:_identify(/home/shenlong/Documents/GitHub/ViperX250_Simulation_Research/src/interbotix_vx250_sim) by extension 'ignore'
[2.138s] Level 1:colcon.colcon_core.package_identification:_identify(/home/shenlong/Documents/GitHub/ViperX250_Simulation_Research/src/interbotix_vx250_sim) by extension 'ignore_ament_install'
[2.138s] Level 1:colcon.colcon_core.package_identification:_identify(/home/shenlong/Documents/GitHub/ViperX250_Simulation_Research/src/interbotix_vx250_sim) by extensions ['colcon_pkg']
[2.138s] Level 1:colcon.colcon_core.package_identification:_identify(/home/shenlong/Documents/GitHub/ViperX250_Simulation_Research/src/interbotix_vx250_sim) by extension 'colcon_pkg'
[2.138s] Level 1:colcon.colcon_core.package_identification:_identify(/home/shenlong/Documents/GitHub/ViperX250_Simulation_Research/src/interbotix_vx250_sim) by extensions ['colcon_meta']
[2.139s] Level 1:colcon.colcon_core.package_identification:_identify(/home/shenlong/Documents/GitHub/ViperX250_Simulation_Research/src/interbotix_vx250_sim) by extension 'colcon_meta'
[2.139s] Level 1:colcon.colcon_core.package_identification:_identify(/home/shenlong/Documents/GitHub/ViperX250_Simulation_Research/src/interbotix_vx250_sim) by extensions ['ros']
[2.139s] Level 1:colcon.colcon_core.package_identification:_identify(/home/shenlong/Documents/GitHub/ViperX250_Simulation_Research/src/interbotix_vx250_sim) by extension 'ros'
[2.142s] DEBUG:colcon.colcon_core.package_identification:Package '/home/shenlong/Documents/GitHub/ViperX250_Simulation_Research/src/interbotix_vx250_sim' with type 'ros.ament_python' and name 'interbotix_vx250_sim'
[2.142s] Level 1:colcon.colcon_core.package_discovery:discover_packages(recursive) using defaults
