[1.799s] Invoking command in '/home/shenlong/Documents/GitHub/ViperX250_Simulation_Research/src/interbotix_vx250_sim': PYTHONPATH=/home/shenlong/Documents/GitHub/ViperX250_Simulation_Research/build/interbotix_vx250_sim/prefix_override:/home/shenlong/Documents/GitHub/ViperX250_Simulation_Research/install/interbotix_vx250_sim/lib/python3.10/site-packages:${PYTHONPATH} /usr/bin/python3 setup.py egg_info --egg-base ../../build/interbotix_vx250_sim build --build-base /home/shenlong/Documents/GitHub/ViperX250_Simulation_Research/build/interbotix_vx250_sim/build install --record /home/shenlong/Documents/GitHub/ViperX250_Simulation_Research/build/interbotix_vx250_sim/install.log --single-version-externally-managed
[2.370s] running egg_info
[2.371s] writing ../../build/interbotix_vx250_sim/interbotix_vx250_sim.egg-info/PKG-INFO
[2.371s] writing dependency_links to ../../build/interbotix_vx250_sim/interbotix_vx250_sim.egg-info/dependency_links.txt
[2.371s] writing entry points to ../../build/interbotix_vx250_sim/interbotix_vx250_sim.egg-info/entry_points.txt
[2.372s] writing requirements to ../../build/interbotix_vx250_sim/interbotix_vx250_sim.egg-info/requires.txt
[2.372s] writing top-level names to ../../build/interbotix_vx250_sim/interbotix_vx250_sim.egg-info/top_level.txt
[2.375s] reading manifest file '../../build/interbotix_vx250_sim/interbotix_vx250_sim.egg-info/SOURCES.txt'
[2.378s] writing manifest file '../../build/interbotix_vx250_sim/interbotix_vx250_sim.egg-info/SOURCES.txt'
[2.378s] running build
[2.378s] running build_py
[2.378s] running install
[2.379s] running install_lib
[2.381s] running install_data
[2.383s] running install_egg_info
[2.386s] removing '/home/shenlong/Documents/GitHub/ViperX250_Simulation_Research/install/interbotix_vx250_sim/lib/python3.10/site-packages/interbotix_vx250_sim-0.0.0-py3.10.egg-info' (and everything under it)
[2.386s] Copying ../../build/interbotix_vx250_sim/interbotix_vx250_sim.egg-info to /home/shenlong/Documents/GitHub/ViperX250_Simulation_Research/install/interbotix_vx250_sim/lib/python3.10/site-packages/interbotix_vx250_sim-0.0.0-py3.10.egg-info
[2.388s] running install_scripts
[2.428s] Installing vx250_custom_controller script to /home/shenlong/Documents/GitHub/ViperX250_Simulation_Research/install/interbotix_vx250_sim/lib/interbotix_vx250_sim
[2.428s] writing list of installed files to '/home/shenlong/Documents/GitHub/ViperX250_Simulation_Research/build/interbotix_vx250_sim/install.log'
[2.481s] Invoked command in '/home/shenlong/Documents/GitHub/ViperX250_Simulation_Research/src/interbotix_vx250_sim' returned '0': PYTHONPATH=/home/shenlong/Documents/GitHub/ViperX250_Simulation_Research/build/interbotix_vx250_sim/prefix_override:/home/shenlong/Documents/GitHub/ViperX250_Simulation_Research/install/interbotix_vx250_sim/lib/python3.10/site-packages:${PYTHONPATH} /usr/bin/python3 setup.py egg_info --egg-base ../../build/interbotix_vx250_sim build --build-base /home/shenlong/Documents/GitHub/ViperX250_Simulation_Research/build/interbotix_vx250_sim/build install --record /home/shenlong/Documents/GitHub/ViperX250_Simulation_Research/build/interbotix_vx250_sim/install.log --single-version-externally-managed
