[1.391s] DEBUG:colcon:Command line arguments: ['/usr/bin/colcon', 'build']
[1.391s] DEBUG:colcon:Parsed command line arguments: Namespace(log_base=None, log_level=None, verb_name='build', build_base='build', install_base='install', merge_install=False, symlink_install=False, test_result_base=None, continue_on_error=False, executor='parallel', parallel_workers=8, event_handlers=None, ignore_user_meta=False, metas=['./colcon.meta'], base_paths=['.'], packages_ignore=None, packages_ignore_regex=None, paths=None, packages_up_to=None, packages_up_to_regex=None, packages_above=None, packages_above_and_dependencies=None, packages_above_depth=None, packages_select_by_dep=None, packages_skip_by_dep=None, packages_skip_up_to=None, packages_select_build_failed=False, packages_skip_build_finished=False, packages_select_test_failures=False, packages_skip_test_passed=False, packages_select=None, packages_skip=None, packages_select_regex=None, packages_skip_regex=None, packages_start=None, packages_end=None, allow_overriding=[], cmake_args=None, cmake_target=None, cmake_target_skip_unavailable=False, cmake_clean_cache=False, cmake_clean_first=False, cmake_force_configure=False, ament_cmake_args=None, catkin_cmake_args=None, catkin_skip_building_tests=False, verb_parser=<colcon_defaults.argument_parser.defaults.DefaultArgumentsDecorator object at 0x7f23a9c4f100>, verb_extension=<colcon_core.verb.build.BuildVerb object at 0x7f23a9aa6740>, main=<bound method BuildVerb.main of <colcon_core.verb.build.BuildVerb object at 0x7f23a9aa6740>>)
[1.454s] Level 1:colcon.colcon_core.package_discovery:discover_packages(colcon_meta) check parameters
[1.454s] Level 1:colcon.colcon_core.package_discovery:discover_packages(recursive) check parameters
[1.454s] Level 1:colcon.colcon_core.package_discovery:discover_packages(ignore) check parameters
[1.454s] Level 1:colcon.colcon_core.package_discovery:discover_packages(path) check parameters
[1.454s] Level 1:colcon.colcon_core.package_discovery:discover_packages(colcon_meta) discover
[1.454s] Level 1:colcon.colcon_core.package_discovery:discover_packages(recursive) discover
[1.454s] INFO:colcon.colcon_core.package_discovery:Crawling recursively for packages in '/home/shenlong/Documents/GitHub/ViperX250_Simulation_Research'
[1.454s] Level 1:colcon.colcon_core.package_identification:_identify(.) by extensions ['ignore', 'ignore_ament_install']
[1.455s] Level 1:colcon.colcon_core.package_identification:_identify(.) by extension 'ignore'
[1.455s] Level 1:colcon.colcon_core.package_identification:_identify(.) by extension 'ignore_ament_install'
[1.455s] Level 1:colcon.colcon_core.package_identification:_identify(.) by extensions ['colcon_pkg']
[1.455s] Level 1:colcon.colcon_core.package_identification:_identify(.) by extension 'colcon_pkg'
[1.455s] Level 1:colcon.colcon_core.package_identification:_identify(.) by extensions ['colcon_meta']
[1.455s] Level 1:colcon.colcon_core.package_identification:_identify(.) by extension 'colcon_meta'
[1.455s] Level 1:colcon.colcon_core.package_identification:_identify(.) by extensions ['ros']
[1.455s] Level 1:colcon.colcon_core.package_identification:_identify(.) by extension 'ros'
[1.466s] Level 1:colcon.colcon_core.package_identification:_identify(.) by extensions ['cmake', 'python']
[1.467s] Level 1:colcon.colcon_core.package_identification:_identify(.) by extension 'cmake'
[1.467s] Level 1:colcon.colcon_core.package_identification:_identify(.) by extension 'python'
[1.467s] Level 1:colcon.colcon_core.package_identification:_identify(.) by extensions ['python_setup_py']
[1.467s] Level 1:colcon.colcon_core.package_identification:_identify(.) by extension 'python_setup_py'
[1.467s] Level 1:colcon.colcon_core.package_identification:_identify(build) by extensions ['ignore', 'ignore_ament_install']
[1.467s] Level 1:colcon.colcon_core.package_identification:_identify(build) by extension 'ignore'
[1.467s] Level 1:colcon.colcon_core.package_identification:_identify(build) ignored
[1.467s] Level 1:colcon.colcon_core.package_identification:_identify(install) by extensions ['ignore', 'ignore_ament_install']
[1.467s] Level 1:colcon.colcon_core.package_identification:_identify(install) by extension 'ignore'
[1.467s] Level 1:colcon.colcon_core.package_identification:_identify(install) ignored
[1.468s] Level 1:colcon.colcon_core.package_identification:_identify(log) by extensions ['ignore', 'ignore_ament_install']
[1.468s] Level 1:colcon.colcon_core.package_identification:_identify(log) by extension 'ignore'
[1.468s] Level 1:colcon.colcon_core.package_identification:_identify(log) ignored
[1.468s] Level 1:colcon.colcon_core.package_identification:_identify(src) by extensions ['ignore', 'ignore_ament_install']
[1.468s] Level 1:colcon.colcon_core.package_identification:_identify(src) by extension 'ignore'
[1.468s] Level 1:colcon.colcon_core.package_identification:_identify(src) by extension 'ignore_ament_install'
[1.468s] Level 1:colcon.colcon_core.package_identification:_identify(src) by extensions ['colcon_pkg']
[1.468s] Level 1:colcon.colcon_core.package_identification:_identify(src) by extension 'colcon_pkg'
[1.468s] Level 1:colcon.colcon_core.package_identification:_identify(src) by extensions ['colcon_meta']
[1.468s] Level 1:colcon.colcon_core.package_identification:_identify(src) by extension 'colcon_meta'
[1.468s] Level 1:colcon.colcon_core.package_identification:_identify(src) by extensions ['ros']
[1.468s] Level 1:colcon.colcon_core.package_identification:_identify(src) by extension 'ros'
[1.468s] Level 1:colcon.colcon_core.package_identification:_identify(src) by extensions ['cmake', 'python']
[1.468s] Level 1:colcon.colcon_core.package_identification:_identify(src) by extension 'cmake'
[1.468s] Level 1:colcon.colcon_core.package_identification:_identify(src) by extension 'python'
[1.468s] Level 1:colcon.colcon_core.package_identification:_identify(src) by extensions ['python_setup_py']
[1.468s] Level 1:colcon.colcon_core.package_identification:_identify(src) by extension 'python_setup_py'
[1.469s] Level 1:colcon.colcon_core.package_identification:_identify(src/interbotix_vx250_sim) by extensions ['ignore', 'ignore_ament_install']
[1.469s] Level 1:colcon.colcon_core.package_identification:_identify(src/interbotix_vx250_sim) by extension 'ignore'
[1.469s] Level 1:colcon.colcon_core.package_identification:_identify(src/interbotix_vx250_sim) by extension 'ignore_ament_install'
[1.469s] Level 1:colcon.colcon_core.package_identification:_identify(src/interbotix_vx250_sim) by extensions ['colcon_pkg']
[1.469s] Level 1:colcon.colcon_core.package_identification:_identify(src/interbotix_vx250_sim) by extension 'colcon_pkg'
[1.469s] Level 1:colcon.colcon_core.package_identification:_identify(src/interbotix_vx250_sim) by extensions ['colcon_meta']
[1.469s] Level 1:colcon.colcon_core.package_identification:_identify(src/interbotix_vx250_sim) by extension 'colcon_meta'
[1.469s] Level 1:colcon.colcon_core.package_identification:_identify(src/interbotix_vx250_sim) by extensions ['ros']
[1.469s] Level 1:colcon.colcon_core.package_identification:_identify(src/interbotix_vx250_sim) by extension 'ros'
[1.472s] DEBUG:colcon.colcon_core.package_identification:Package 'src/interbotix_vx250_sim' with type 'ros.ament_python' and name 'interbotix_vx250_sim'
[1.472s] Level 1:colcon.colcon_core.package_discovery:discover_packages(recursive) using defaults
[1.472s] Level 1:colcon.colcon_core.package_discovery:discover_packages(ignore) discover
[1.472s] Level 1:colcon.colcon_core.package_discovery:discover_packages(ignore) using defaults
[1.472s] Level 1:colcon.colcon_core.package_discovery:discover_packages(path) discover
[1.472s] Level 1:colcon.colcon_core.package_discovery:discover_packages(path) using defaults
[1.617s] Level 1:colcon.colcon_core.package_discovery:discover_packages(prefix_path) check parameters
[1.617s] Level 1:colcon.colcon_core.package_discovery:discover_packages(prefix_path) discover
[1.673s] DEBUG:colcon.colcon_installed_package_information.package_discovery:Found 30 installed packages in /home/shenlong/interbotix_ws/install
[1.693s] DEBUG:colcon.colcon_installed_package_information.package_discovery:Found 1 installed packages in /home/shenlong/apriltag_ws/install
[1.714s] DEBUG:colcon.colcon_installed_package_information.package_discovery:Found 2 installed packages in /home/shenlong/eyrc_hb/hb_task1b_ws/install
[1.736s] DEBUG:colcon.colcon_installed_package_information.package_discovery:Found 4 installed packages in /home/shenlong/ros2_ws/install
[1.760s] DEBUG:colcon.colcon_installed_package_information.package_discovery:Found 351 installed packages in /opt/ros/humble
[1.762s] Level 1:colcon.colcon_core.package_discovery:discover_packages(prefix_path) using defaults
[1.882s] Level 5:colcon.colcon_core.verb:set package 'interbotix_vx250_sim' build argument 'cmake_args' from command line to 'None'
[1.883s] Level 5:colcon.colcon_core.verb:set package 'interbotix_vx250_sim' build argument 'cmake_target' from command line to 'None'
[1.883s] Level 5:colcon.colcon_core.verb:set package 'interbotix_vx250_sim' build argument 'cmake_target_skip_unavailable' from command line to 'False'
[1.883s] Level 5:colcon.colcon_core.verb:set package 'interbotix_vx250_sim' build argument 'cmake_clean_cache' from command line to 'False'
[1.883s] Level 5:colcon.colcon_core.verb:set package 'interbotix_vx250_sim' build argument 'cmake_clean_first' from command line to 'False'
[1.883s] Level 5:colcon.colcon_core.verb:set package 'interbotix_vx250_sim' build argument 'cmake_force_configure' from command line to 'False'
[1.883s] Level 5:colcon.colcon_core.verb:set package 'interbotix_vx250_sim' build argument 'ament_cmake_args' from command line to 'None'
[1.883s] Level 5:colcon.colcon_core.verb:set package 'interbotix_vx250_sim' build argument 'catkin_cmake_args' from command line to 'None'
[1.883s] Level 5:colcon.colcon_core.verb:set package 'interbotix_vx250_sim' build argument 'catkin_skip_building_tests' from command line to 'False'
[1.883s] DEBUG:colcon.colcon_core.verb:Building package 'interbotix_vx250_sim' with the following arguments: {'ament_cmake_args': None, 'build_base': '/home/shenlong/Documents/GitHub/ViperX250_Simulation_Research/build/interbotix_vx250_sim', 'catkin_cmake_args': None, 'catkin_skip_building_tests': False, 'cmake_args': None, 'cmake_clean_cache': False, 'cmake_clean_first': False, 'cmake_force_configure': False, 'cmake_target': None, 'cmake_target_skip_unavailable': False, 'install_base': '/home/shenlong/Documents/GitHub/ViperX250_Simulation_Research/install/interbotix_vx250_sim', 'merge_install': False, 'path': '/home/shenlong/Documents/GitHub/ViperX250_Simulation_Research/src/interbotix_vx250_sim', 'symlink_install': False, 'test_result_base': None}
[1.904s] INFO:colcon.colcon_core.executor:Executing jobs using 'parallel' executor
[1.925s] DEBUG:colcon.colcon_parallel_executor.executor.parallel:run_until_complete
[1.925s] INFO:colcon.colcon_ros.task.ament_python.build:Building ROS package in '/home/shenlong/Documents/GitHub/ViperX250_Simulation_Research/src/interbotix_vx250_sim' with build type 'ament_python'
[1.925s] Level 1:colcon.colcon_core.shell:create_environment_hook('interbotix_vx250_sim', 'ament_prefix_path')
[1.948s] INFO:colcon.colcon_core.plugin_system:Skipping extension 'colcon_core.shell.bat': Not used on non-Windows systems
[1.949s] INFO:colcon.colcon_core.shell:Creating environment hook '/home/shenlong/Documents/GitHub/ViperX250_Simulation_Research/install/interbotix_vx250_sim/share/interbotix_vx250_sim/hook/ament_prefix_path.ps1'
[1.949s] INFO:colcon.colcon_core.shell:Creating environment descriptor '/home/shenlong/Documents/GitHub/ViperX250_Simulation_Research/install/interbotix_vx250_sim/share/interbotix_vx250_sim/hook/ament_prefix_path.dsv'
[1.950s] INFO:colcon.colcon_core.shell:Creating environment hook '/home/shenlong/Documents/GitHub/ViperX250_Simulation_Research/install/interbotix_vx250_sim/share/interbotix_vx250_sim/hook/ament_prefix_path.sh'
[1.975s] INFO:colcon.colcon_core.shell:Skip shell extension 'powershell' for command environment: Not usable outside of PowerShell
[1.975s] DEBUG:colcon.colcon_core.shell:Skip shell extension 'dsv' for command environment
[2.474s] INFO:colcon.colcon_core.task.python.build:Building Python package in '/home/shenlong/Documents/GitHub/ViperX250_Simulation_Research/src/interbotix_vx250_sim'
[2.497s] INFO:colcon.colcon_core.shell:Skip shell extension 'powershell' for command environment: Not usable outside of PowerShell
[2.497s] DEBUG:colcon.colcon_core.shell:Skip shell extension 'dsv' for command environment
[3.100s] DEBUG:colcon.colcon_core.event_handler.log_command:Invoking command in '/home/shenlong/Documents/GitHub/ViperX250_Simulation_Research/src/interbotix_vx250_sim': PYTHONPATH=/home/shenlong/Documents/GitHub/ViperX250_Simulation_Research/build/interbotix_vx250_sim/prefix_override:/home/shenlong/Documents/GitHub/ViperX250_Simulation_Research/install/interbotix_vx250_sim/lib/python3.10/site-packages:${PYTHONPATH} /usr/bin/python3 setup.py egg_info --egg-base ../../build/interbotix_vx250_sim build --build-base /home/shenlong/Documents/GitHub/ViperX250_Simulation_Research/build/interbotix_vx250_sim/build install --record /home/shenlong/Documents/GitHub/ViperX250_Simulation_Research/build/interbotix_vx250_sim/install.log --single-version-externally-managed
[3.517s] DEBUG:colcon.colcon_core.event_handler.log_command:Invoked command in '/home/shenlong/Documents/GitHub/ViperX250_Simulation_Research/src/interbotix_vx250_sim' returned '0': PYTHONPATH=/home/shenlong/Documents/GitHub/ViperX250_Simulation_Research/build/interbotix_vx250_sim/prefix_override:/home/shenlong/Documents/GitHub/ViperX250_Simulation_Research/install/interbotix_vx250_sim/lib/python3.10/site-packages:${PYTHONPATH} /usr/bin/python3 setup.py egg_info --egg-base ../../build/interbotix_vx250_sim build --build-base /home/shenlong/Documents/GitHub/ViperX250_Simulation_Research/build/interbotix_vx250_sim/build install --record /home/shenlong/Documents/GitHub/ViperX250_Simulation_Research/build/interbotix_vx250_sim/install.log --single-version-externally-managed
[3.543s] Level 1:colcon.colcon_core.environment:checking '/home/shenlong/Documents/GitHub/ViperX250_Simulation_Research/install/interbotix_vx250_sim' for CMake module files
[3.544s] Level 1:colcon.colcon_core.environment:checking '/home/shenlong/Documents/GitHub/ViperX250_Simulation_Research/install/interbotix_vx250_sim' for CMake config files
[3.544s] Level 1:colcon.colcon_core.environment:checking '/home/shenlong/Documents/GitHub/ViperX250_Simulation_Research/install/interbotix_vx250_sim/lib'
[3.544s] Level 1:colcon.colcon_core.environment:checking '/home/shenlong/Documents/GitHub/ViperX250_Simulation_Research/install/interbotix_vx250_sim/bin'
[3.545s] Level 1:colcon.colcon_core.environment:checking '/home/shenlong/Documents/GitHub/ViperX250_Simulation_Research/install/interbotix_vx250_sim/lib/pkgconfig/interbotix_vx250_sim.pc'
[3.545s] Level 1:colcon.colcon_core.environment:checking '/home/shenlong/Documents/GitHub/ViperX250_Simulation_Research/install/interbotix_vx250_sim/lib/python3.10/site-packages'
[3.545s] Level 1:colcon.colcon_core.shell:create_environment_hook('interbotix_vx250_sim', 'pythonpath')
[3.565s] INFO:colcon.colcon_core.shell:Creating environment hook '/home/shenlong/Documents/GitHub/ViperX250_Simulation_Research/install/interbotix_vx250_sim/share/interbotix_vx250_sim/hook/pythonpath.ps1'
[3.565s] INFO:colcon.colcon_core.shell:Creating environment descriptor '/home/shenlong/Documents/GitHub/ViperX250_Simulation_Research/install/interbotix_vx250_sim/share/interbotix_vx250_sim/hook/pythonpath.dsv'
[3.565s] INFO:colcon.colcon_core.shell:Creating environment hook '/home/shenlong/Documents/GitHub/ViperX250_Simulation_Research/install/interbotix_vx250_sim/share/interbotix_vx250_sim/hook/pythonpath.sh'
[3.566s] Level 1:colcon.colcon_core.environment:checking '/home/shenlong/Documents/GitHub/ViperX250_Simulation_Research/install/interbotix_vx250_sim/bin'
[3.566s] Level 1:colcon.colcon_core.environment:create_environment_scripts_only(interbotix_vx250_sim)
[3.586s] INFO:colcon.colcon_core.shell:Creating package script '/home/shenlong/Documents/GitHub/ViperX250_Simulation_Research/install/interbotix_vx250_sim/share/interbotix_vx250_sim/package.ps1'
[3.587s] INFO:colcon.colcon_core.shell:Creating package descriptor '/home/shenlong/Documents/GitHub/ViperX250_Simulation_Research/install/interbotix_vx250_sim/share/interbotix_vx250_sim/package.dsv'
[3.587s] INFO:colcon.colcon_core.shell:Creating package script '/home/shenlong/Documents/GitHub/ViperX250_Simulation_Research/install/interbotix_vx250_sim/share/interbotix_vx250_sim/package.sh'
[3.588s] INFO:colcon.colcon_core.shell:Creating package script '/home/shenlong/Documents/GitHub/ViperX250_Simulation_Research/install/interbotix_vx250_sim/share/interbotix_vx250_sim/package.bash'
[3.589s] INFO:colcon.colcon_core.shell:Creating package script '/home/shenlong/Documents/GitHub/ViperX250_Simulation_Research/install/interbotix_vx250_sim/share/interbotix_vx250_sim/package.zsh'
[3.589s] Level 1:colcon.colcon_core.environment:create_file_with_runtime_dependencies(/home/shenlong/Documents/GitHub/ViperX250_Simulation_Research/install/interbotix_vx250_sim/share/colcon-core/packages/interbotix_vx250_sim)
[3.590s] DEBUG:colcon.colcon_parallel_executor.executor.parallel:closing loop
[3.590s] DEBUG:colcon.colcon_parallel_executor.executor.parallel:loop closed
[3.590s] DEBUG:colcon.colcon_parallel_executor.executor.parallel:run_until_complete finished with '0'
[3.590s] DEBUG:colcon.colcon_core.event_reactor:joining thread
[3.620s] INFO:colcon.colcon_core.plugin_system:Skipping extension 'colcon_notification.desktop_notification.terminal_notifier': Not used on non-Darwin systems
[3.620s] INFO:colcon.colcon_core.plugin_system:Skipping extension 'colcon_notification.desktop_notification.win32': Not used on non-Windows systems
[3.620s] INFO:colcon.colcon_notification.desktop_notification:Sending desktop notification using 'notify2'
[3.630s] DEBUG:colcon.colcon_core.event_reactor:joined thread
[3.649s] INFO:colcon.colcon_core.shell:Creating prefix script '/home/shenlong/Documents/GitHub/ViperX250_Simulation_Research/install/local_setup.ps1'
[3.650s] INFO:colcon.colcon_core.shell:Creating prefix util module '/home/shenlong/Documents/GitHub/ViperX250_Simulation_Research/install/_local_setup_util_ps1.py'
[3.652s] INFO:colcon.colcon_core.shell:Creating prefix chain script '/home/shenlong/Documents/GitHub/ViperX250_Simulation_Research/install/setup.ps1'
[3.674s] INFO:colcon.colcon_core.shell:Creating prefix script '/home/shenlong/Documents/GitHub/ViperX250_Simulation_Research/install/local_setup.sh'
[3.675s] INFO:colcon.colcon_core.shell:Creating prefix util module '/home/shenlong/Documents/GitHub/ViperX250_Simulation_Research/install/_local_setup_util_sh.py'
[3.675s] INFO:colcon.colcon_core.shell:Creating prefix chain script '/home/shenlong/Documents/GitHub/ViperX250_Simulation_Research/install/setup.sh'
[3.698s] INFO:colcon.colcon_core.shell:Creating prefix script '/home/shenlong/Documents/GitHub/ViperX250_Simulation_Research/install/local_setup.bash'
[3.699s] INFO:colcon.colcon_core.shell:Creating prefix chain script '/home/shenlong/Documents/GitHub/ViperX250_Simulation_Research/install/setup.bash'
[3.721s] INFO:colcon.colcon_core.shell:Creating prefix script '/home/shenlong/Documents/GitHub/ViperX250_Simulation_Research/install/local_setup.zsh'
[3.722s] INFO:colcon.colcon_core.shell:Creating prefix chain script '/home/shenlong/Documents/GitHub/ViperX250_Simulation_Research/install/setup.zsh'
